| RSV sample | RSV A \| A primers | Max RSVA cov \| A primers | RSV B \| A primers | Max RSVB cov \| A primers | RSV A primer num reads | RSV A \| B primers | Max RSVA cov\| B primers | RSV B \| B primers | Max RSVB cov \| B primers | RSV B primer num reads | potentially mixed | Marc mixed | 
| --- | --- | --- | --- | --- | --- | --- | --- | --- | --- | --- | --- | --- |
MN365475.1 B 0.306
MZ516136.1 B 0.303
MK749866.1 B 0.303
MH760675.1 B 0.714
MN365550.1 B 0.699
OM141138.1 B 0.720
node_512 B 0.688
MZ516136.1 B 0.740
MZ515977.1 B 0.722
MZ515837.1 B 0.703
MZ516079.1 B 0.746
node_1198 B 0.722
| RSV00059 | 0.000 | 0 | 1.000 | 0.306 | 134 | 0.000 | 0 | 1.000 | 0.746 | 438812 | false | false
MZ516136.1 B 0.261
node_1059 B 0.245
node_953 B 0.758
MZ515977.1 B 0.727
MZ516079.1 B 0.739
MZ515830.1 B 0.688
LC474542.1 B 0.681
LC474544.1 B 0.680
MZ515738.1 B 0.698
node_1152 B 0.742
MN365550.1 B 0.664
MZ515824.1 B 0.714
node_896 B 0.680
node_795 B 0.695
node_708 B 0.693
MW160757.1 B 0.677
OM857372.1 B 0.704
MZ516098.1 B 0.722
| RSV00060 | 0.000 | 0 | 1.000 | 0.261 | 134 | 0.000 | 0 | 1.000 | 0.758 | 18550 | false | false
MZ515567.1 A 0.941
node_3032 A 0.939
LC474556.1 A 0.858
MH760603.1 A 0.848
MZ515825.1 A 0.908
MZ515749.1 A 0.061
| RSV00061 | 1.000 | 0.941 | 0.000 | 0 | 4622222 | 1.000 | 0.061 | 0.000 | 0 | 118187 | false | false
node_3038 A 0.760
node_3033 A 0.757
MZ515825.1 A 0.710
OK649640.1 A 0.605
MK749912.1 A 0.595
MH182035.1 A 0.641
KX655626.1 A 0.656
KX765977.1 A 0.659
OK500269.1 A 0.757
MZ516079.1 B 0.673
MZ515938.1 B 0.642
MN365550.1 B 0.613
MZ515738.1 B 0.640
MZ515562.1 B 0.669
node_1783 B 0.612
node_1027 B 0.689
node_1198 B 0.663
MH760675.1 B 0.660
node_953 B 0.690
node_1147 B 0.679
node_1066 B 0.657
KX765912.1 B 0.606
node_512 B 0.610
node_1855 B 0.606
node_1858 B 0.606
MZ515837.1 B 0.646
MZ515830.1 B 0.638
MH760693.1 B 0.659
| RSV00062 | 1.000 | 0.760 | 0.000 | 0 | 19301 | 0.000 | 0 | 1.000 | 0.690 | 6133 | true | true
MZ516136.1 B 0.213
node_1059 B 0.203
LR699744.1 B 0.198
OM141138.1 B 0.920
MZ516079.1 B 0.920
MZ515938.1 B 0.907
node_1198 B 0.920
MZ515738.1 B 0.913
node_1147 B 0.933
MZ515562.1 B 0.925
MN365550.1 B 0.913
MZ516136.1 B 0.929
MZ515830.1 B 0.917
node_512 B 0.912
MZ515611.1 B 0.901
node_953 B 0.939
MH760701.1 B 0.917
LR699744.1 B 0.921
node_896 B 0.909
node_1000 B 0.921
OM141139.1 B 0.923
MZ515586.1 B 0.914
OM857372.1 B 0.912
| RSV00063 | 0.000 | 0 | 1.000 | 0.213 | 229275 | 0.000 | 0 | 1.000 | 0.939 | 13674072 | false | false
MZ516136.1 B 0.243
MZ515805.1 B 0.229
node_1027 B 0.233
node_1008 B 0.229
LC474550.1 B 0.208
node_1007 B 0.948
MZ516079.1 B 0.935
MH760675.1 B 0.925
MZ515938.1 B 0.925
MZ515611.1 B 0.909
node_1147 B 0.943
MZ516136.1 B 0.946
node_934 B 0.939
MZ515562.1 B 0.932
MH760726.1 B 0.925
node_896 B 0.912
MW020595.1 B 0.941
MZ515716.1 B 0.933
OM857372.1 B 0.928
KU950682.1 B 0.912
MZ516056.1 B 0.935
LR699744.1 B 0.934
node_1236 B 0.939
| RSV00064 | 0.000 | 0 | 1.000 | 0.243 | 426717 | 0.000 | 0 | 1.000 | 0.948 | 26033970 | false | false
node_1059 B 0.109
MW160777.1 B 0.103
MZ515837.1 B 0.104
node_953 B 0.841
MH760720.1 B 0.812
node_1148 B 0.850
node_1152 B 0.865
MZ515560.1 B 0.803
MZ515837.1 B 0.849
node_1063 B 0.791
MZ515824.1 B 0.841
node_1143 B 0.844
MN365416.1 B 0.752
node_963 B 0.835
node_822 B 0.780
OM857384.1 B 0.791
node_955 B 0.838
node_744 B 0.782
| RSV00065 | 0.000 | 0 | 1.000 | 0.109 | 1315 | 0.000 | 0 | 1.000 | 0.865 | 120789 | false | false
MZ516136.1 B 0.112
node_1059 B 0.103
MH760670.1 B 0.105
OM141138.1 B 0.822
MH760675.1 B 0.807
MZ515938.1 B 0.793
MZ515562.1 B 0.822
MZ515830.1 B 0.788
MZ516136.1 B 0.845
node_1147 B 0.844
node_1188 B 0.849
LR699744.1 B 0.816
node_1268 B 0.825
node_953 B 0.851
OM857368.1 B 0.800
MZ515738.1 B 0.803
| RSV00066 | 0.000 | 0 | 1.000 | 0.112 | 4535 | 0.000 | 0 | 1.000 | 0.851 | 452590 | false | false
MZ516136.1 B 0.325
node_1059 B 0.305
node_2950 A 0.310
OM141143.1 B 0.433
LC324678.1 B 0.430
MZ515938.1 B 0.419
MZ516136.1 B 0.466
MZ515830.1 B 0.416
MZ515738.1 B 0.430
KM517573.1 B 0.428
node_1198 B 0.441
MN365550.1 B 0.410
OM857372.1 B 0.425
OM857368.1 B 0.417
node_1236 B 0.436
| RSV00067 | 0.040 | 0.310 | 0.960 | 0.325 | 50 | 0.000 | 0 | 1.000 | 0.466 | 1676 | true | false
MZ516136.1 B 0.129
MZ515613.1 B 0.134
KU950607.1 B 0.115
MH760675.1 B 0.743
MZ515938.1 B 0.737
node_1066 B 0.750
OM141143.1 B 0.748
node_1038 B 0.789
MZ515562.1 B 0.768
MZ515613.1 B 0.749
MZ516136.1 B 0.779
MH760726.1 B 0.726
MN163126.1 B 0.767
MZ515830.1 B 0.732
MZ515916.1 B 0.731
node_795 B 0.718
node_1147 B 0.781
MZ516123.1 B 0.747
OM857390.1 B 0.738
| RSV00068 | 0.000 | 0 | 1.000 | 0.134 | 1505 | 0.000 | 0 | 1.000 | 0.789 | 70860 | false | false
MZ516136.1 B 0.192
node_1059 B 0.183
MH760670.1 B 0.178
OM141138.1 B 0.922
MH760675.1 B 0.906
node_1038 B 0.935
MZ515938.1 B 0.907
OM857381.1 B 0.912
MZ515977.1 B 0.917
MZ515830.1 B 0.912
node_795 B 0.894
node_896 B 0.893
MN163126.1 B 0.917
MH760670.1 B 0.896
KM517573.1 B 0.920
MZ516136.1 B 0.924
MZ515812.1 B 0.916
LR699744.1 B 0.919
node_1147 B 0.931
MZ516079.1 B 0.914
| RSV00069 | 0.000 | 0 | 1.000 | 0.192 | 63385 | 0.000 | 0 | 1.000 | 0.935 | 8314100 | false | false
MZ516136.1 B 0.219
node_1059 B 0.211
LR699744.1 B 0.215
node_1038 B 0.946
MH760675.1 B 0.921
node_1066 B 0.944
MZ515938.1 B 0.926
MZ515562.1 B 0.936
OM857381.1 B 0.929
node_795 B 0.909
MZ516136.1 B 0.935
MH760670.1 B 0.916
KM517573.1 B 0.930
node_896 B 0.913
MZ515830.1 B 0.935
MN163126.1 B 0.933
MZ515812.1 B 0.937
MZ516123.1 B 0.933
node_1152 B 0.945
| RSV00070 | 0.000 | 0 | 1.000 | 0.219 | 398970 | 0.000 | 0 | 1.000 | 0.946 | 18700735 | false | false
MZ516136.1 B 0.117
node_1059 B 0.104
OM256494.1 B 0.110
MT040088.1 B 0.105
node_1066 B 0.863
MZ515938.1 B 0.843
node_1198 B 0.867
MH760675.1 B 0.848
node_1021 B 0.902
MZ515837.1 B 0.851
MZ516136.1 B 0.889
MN365550.1 B 0.835
node_953 B 0.891
MZ515977.1 B 0.865
node_779 B 0.839
| RSV00071 | 0.000 | 0 | 1.000 | 0.117 | 10152 | 0.000 | 0 | 1.000 | 0.902 | 1115315 | false | false
node_3090 A 0.831
MZ515882.1 A 0.828
node_7 A 0.7200.2460.2440.1570.1560.1540.1540.1540.1540.1540.1540.1540.1530.1530.1530.1530.1500.1500.1490.1480.1480.1480.1470.1450.1450.1450.1440.1440.1420.136
MZ516086.1 A 0.773
KU950527.1 A 0.680
KU950652.1 A 0.653
KU950629.1 A 0.675
node_2991 A 0.675
MH760602.1 A 0.725
KX765977.1 A 0.698
KX765954.1 A 0.678
MZ515619.1 A 0.721
node_1029 B 0.939
MZ515938.1 B 0.885
node_1066 B 0.907
MZ515830.1 B 0.889
MN365550.1 B 0.883
MZ516136.1 B 0.925
MH760670.1 B 0.875
MZ515977.1 B 0.914
node_795 B 0.883
MN365474.1 B 0.869
MZ515674.1 B 0.888
node_1188 B 0.929
node_1152 B 0.926
MZ515837.1 B 0.895
| RSV00072 | 1.000 | 0.831 | 0.000 | 0 | 26175 | 0.000 | 0 | 1.000 | 0.939 | 2761880 | true | true
MZ516136.1 B 0.177
node_1059 B 0.166
node_1021 B 0.936
MZ515938.1 B 0.901
MH760675.1 B 0.901
node_1066 B 0.918
OM141138.1 B 0.918
MZ515562.1 B 0.916
MZ516136.1 B 0.926
MZ515738.1 B 0.899
node_744 B 0.895
node_1147 B 0.927
MH760670.1 B 0.893
MZ515674.1 B 0.898
node_1188 B 0.924
node_953 B 0.935
LR699744.1 B 0.920
| RSV00073 | 0.000 | 0 | 1.000 | 0.177 | 111095 | 0.000 | 0 | 1.000 | 0.936 | 7594128 | false | false
node_3090 A 0.948
MZ515882.1 A 0.947
MZ516086.1 A 0.894
MH182035.1 A 0.822
MH760602.1 A 0.871
MZ516005.1 A 0.917
node_2991 A 0.832
KX765977.1 A 0.842
MZ515854.1 A 0.902
KX765954.1 A 0.833
MH447952.1 A 0.852
MW160779.1 A 0.040
MZ516096.1 A 0.050
KJ939949.1 A 0.039
KJ939956.1 A 0.038
| RSV00074 | 1.000 | 0.948 | 0.000 | 0 | 405518 | 1.000 | 0.050 | 0.000 | 0 | 11978 | false | false
MZ516136.1 B 0.160
node_1059 B 0.150
node_1198 B 0.861
MZ516079.1 B 0.871
MZ515938.1 B 0.827
MN365550.1 B 0.813
MZ515977.1 B 0.860
MZ515830.1 B 0.827
node_953 B 0.881
MH760669.1 B 0.863
MH760702.1 B 0.830
MZ515611.1 B 0.823
node_720 B 0.859
| RSV00075 | 0.000 | 0 | 1.000 | 0.160 | 18186 | 0.000 | 0 | 1.000 | 0.881 | 1094934 | false | false
MZ516136.1 B 0.203
node_1059 B 0.189
MZ515771.1 B 0.190
MH760675.1 B 0.920
node_1188 B 0.937
MZ515938.1 B 0.916
MZ516136.1 B 0.938
MZ515562.1 B 0.928
node_795 B 0.912
MZ515830.1 B 0.918
node_1044 B 0.939
MH760670.1 B 0.908
node_953 B 0.945
