                            03/26/2025 at 14h20m40s                             


 ------------------------------------------------------------------------------
|   Another GFF Analysis Toolkit (AGAT) - Version: v1.4.1                      |
|   https://github.com/NBISweden/AGAT                                          |
|   National Bioinformatics Infrastructure Sweden (NBIS) - www.nbis.se         |
 ------------------------------------------------------------------------------
                                        
                                       
                          ------ Start parsing ------                           
-------------------------- parse options and metadata --------------------------
=> Accessing the feature_levels YAML file
Using standard /private/home/bzhan146/miniconda3/envs/snakemake/lib/perl5/site_perl/auto/share/dist/AGAT/feature_levels.yaml file
=> Attribute used to group features when no Parent/ID relationship exists (i.e common tag):
	* locus_tag
	* gene_id
=> merge_loci option deactivated
=> Machine information:
	This script is being run by perl v5.32.1
	Bioperl location being used: /private/home/bzhan146/miniconda3/envs/snakemake/lib/perl5/site_perl/Bio/
	Operating system being used: linux 
=> Accessing Ontology
	No ontology accessible from the gff file header!
	We use the SOFA ontology distributed with AGAT:
		/private/home/bzhan146/miniconda3/envs/snakemake/lib/perl5/site_perl/auto/share/dist/AGAT/so.obo
	Read ontology /private/home/bzhan146/miniconda3/envs/snakemake/lib/perl5/site_perl/auto/share/dist/AGAT/so.obo:
		4 root terms, and 2596 total terms, and 1516 leaf terms
	Filtering ontology:
The feature type (3rd column) is constrained to be either a term from the Sequence Ontology or an SO accession number. The latter alternative is distinguished using the syntax SO:000000. In either case, it must be sequence_feature (SO:0000110) or an is_a child of it.
We filter the ontology to apply this rule.		We found 1861 terms that are sequence_feature or is_a child of it.
--------------------------------- parsing file ---------------------------------
=> Number of line in file: 62
=> Number of comment lines: 0
=> Fasta included: No
=> Number of features lines: 62
=> Number of feature type (3rd column): 5
	* Level1: 0 => 
	* level2: 1 => transcript
	* level3: 4 => exon stop_codon CDS start_codon
	* unknown: 0 => 
=>Check because only level3 features:
 * Number of feature with Parent attribute:0
 * Number of feature with a common attribute:62
  => Some common attributes and some Parent attributes missing.
  /!\ For features where both are missing A single Level2 features (e.g. mRNA) and a single level1 (e.g. gene) will be created by AGAT, and all level3 feautres (e,g, CDS,exon) will be attached to them. This is probably not what you want...
  see B. 2.2 and 3. at https://agat.readthedocs.io/en/latest/agat_how_does_it_work.html 
  /!\ For features where the common attribute or the parent attribute is missing, it would be fine as long as you do not expect isoforms in your annotation (Eukaryote).  see B. 4. at https://agat.readthedocs.io/en/latest/agat_how_does_it_work.html 
  !! You might try to fix the issue by choosing a common tag attribute to use in order to group the features correctly (parameter locus_tag in agat config file agat_config.yaml (to access it type: agat config --expose)).
=> Version of the Bioperl GFF parser selected by AGAT: 2

                  ------ End parsing (done in 3 second) ------                  


                           ------ Start checks ------                           
---------------------------- Check1: feature types -----------------------------
----------------------------------- ontology -----------------------------------
All feature types in agreement with the Ontology.
------------------------------------- agat -------------------------------------
AGAT can deal with all the encountered feature types (3rd column)
------------------------------ done in 0 seconds -------------------------------

------------------------------ Check2: duplicates ------------------------------
None found
------------------------------ done in 0 seconds -------------------------------

-------------------------- Check3: sequential bucket ---------------------------
Nothing to check as sequential bucket!
------------------------------ done in 0 seconds -------------------------------

--------------------------- Check4: l2 linked to l3 ----------------------------
No problem found
------------------------------ done in 0 seconds -------------------------------

--------------------------- Check5: l1 linked to l2 ----------------------------
No Parent feature found for E. We create one: NC_045512v2	AGAT	gene	26245	26472	.	+	.	ID "agat-gene-1"  ; gene_id E
No Parent feature found for M. We create one: NC_045512v2	AGAT	gene	26523	27191	.	+	.	ID "agat-gene-2"  ; gene_id M
No Parent feature found for N. We create one: NC_045512v2	AGAT	gene	28274	29533	.	+	.	ID "agat-gene-3"  ; gene_id N
No Parent feature found for ORF10. We create one: NC_045512v2	AGAT	gene	29558	29674	.	+	.	ID "agat-gene-4"  ; gene_id ORF10
No Parent feature found for ORF1a. We create one: NC_045512v2	AGAT	gene	266	13483	.	+	.	ID "agat-gene-5"  ; gene_id ORF1a
No Parent feature found for ORF1ab. We create one: NC_045512v2	AGAT	gene	266	21555	.	+	.	ID "agat-gene-6"  ; gene_id ORF1ab
No Parent feature found for ORF3a. We create one: NC_045512v2	AGAT	gene	25393	26220	.	+	.	ID "agat-gene-7"  ; gene_id ORF3a
No Parent feature found for ORF6. We create one: NC_045512v2	AGAT	gene	27202	27387	.	+	.	ID "agat-gene-8"  ; gene_id ORF6
No Parent feature found for ORF7a. We create one: NC_045512v2	AGAT	gene	27394	27759	.	+	.	ID "agat-gene-9"  ; gene_id ORF7a
No Parent feature found for ORF7b. We create one: NC_045512v2	AGAT	gene	27756	27887	.	+	.	ID "agat-gene-10"  ; gene_id ORF7b
No Parent feature found for ORF8. We create one: NC_045512v2	AGAT	gene	27894	28259	.	+	.	ID "agat-gene-11"  ; gene_id ORF8
No Parent feature found for S. We create one: NC_045512v2	AGAT	gene	21563	25384	.	+	.	ID "agat-gene-12"  ; gene_id S
12 cases fixed where L2 features have parent features missing
------------------------------ done in 0 seconds -------------------------------

--------------------------- Check6: remove orphan l1 ---------------------------
We remove only those not supposed to be orphan
None found
------------------------------ done in 0 seconds -------------------------------

------------------------- Check7: all level3 locations -------------------------
Features adjacents we merge them:
NC_045512v2	ncbiGenes.genePred	exon	266	13468	.	+	.	ID "ORF1ab.1"  ; Parent ORF1ab ; exon_id "ORF1ab.1"  ; exon_number 1 ; gene_id ORF1ab ; transcript_id ORF1ab
NC_045512v2	ncbiGenes.genePred	exon	13468	21555	.	+	.	ID "ORF1ab.2"  ; Parent ORF1ab ; exon_id "ORF1ab.2"  ; exon_number 2 ; gene_id ORF1ab ; transcript_id ORF1ab
Features adjacents we merge them:
NC_045512v2	ncbiGenes.genePred	CDS	266	13468	.	+	0	ID "agat-cds-2"  ; Parent ORF1ab ; exon_id "ORF1ab.1"  ; exon_number 1 ; gene_id ORF1ab ; transcript_id ORF1ab
NC_045512v2	ncbiGenes.genePred	CDS	13468	21552	.	+	0	ID "agat-cds-3"  ; Parent ORF1ab ; exon_id "ORF1ab.2"  ; exon_number 2 ; gene_id ORF1ab ; transcript_id ORF1ab
------------------------------ done in 0 seconds -------------------------------

------------------------------ Check8: check cds -------------------------------
12 CDS extended to include the stop_codon
------------------------------ done in 0 seconds -------------------------------

----------------------------- Check9: check exons ------------------------------
No exons created
No exons locations modified
No supernumerary exons removed
No level2 locations modified
------------------------------ done in 0 seconds -------------------------------

----------------------------- Check10: check utrs ------------------------------
No UTRs created
No UTRs locations modified
No supernumerary UTRs removed
------------------------------ done in 0 seconds -------------------------------

------------------------ Check11: all level2 locations -------------------------
No problem found
------------------------------ done in 0 seconds -------------------------------

------------------------ Check12: all level1 locations -------------------------
No problem found
------------------------------ done in 0 seconds -------------------------------

---------------------- Check13: remove identical isoforms ----------------------
None found
------------------------------ done in 0 seconds -------------------------------
                  ------ End checks (done in 0 second) ------                   


